<?xml version="1.0" encoding="UTF-8"?>
<testng-results skipped="0" failed="0" ignored="0" total="1" passed="1">
  <reporter-output>
  </reporter-output>
  <suite name="Default suite" duration-ms="4166" started-at="2020-03-15T12:46:45Z" finished-at="2020-03-15T12:46:49Z">
    <groups>
    </groups>
    <test name="Default test" duration-ms="4166" started-at="2020-03-15T12:46:45Z" finished-at="2020-03-15T12:46:49Z">
      <class name="put.method.put4">
        <test-method status="PASS" signature="f()[pri:0, instance:put.method.put4@cc285f4]" name="f" duration-ms="4078" started-at="2020-03-15T12:46:45Z" finished-at="2020-03-15T12:46:49Z">
          <reporter-output>
          </reporter-output>
        </test-method> <!-- f -->
      </class> <!-- put.method.put4 -->
    </test> <!-- Default test -->
  </suite> <!-- Default suite -->
</testng-results>
